<?xml version="1.0" encoding="UTF-8"?>
<!-- Generated by org.testng.reporters.JUnitReportReporter -->
<testsuite hostname="KomalLaptop" failures="0" tests="1" name="tests.ProductListTest" time="9.662" errors="0" timestamp="2025-06-03T19:11:53 AEST" skipped="0">
  <testcase classname="tests.ProductListTest" name="validateProductListPage" time="9.662"/>
</testsuite> <!-- tests.ProductListTest -->
